Flutter crash report; please file at https://github.com/flutter/flutter/issues.

## command

flutter run

## exception

RangeError: RangeError (index): Invalid value: Valid value range is empty: -1

```
#0      String.codeUnitAt (dart:core/runtime/libstring_patch.dart:935:55)
#1      InternalStyle.relativePathToUri (package:path/src/internal_style.dart:64:26)
#2      Context.toUri (package:path/src/context.dart:1006:20)
#3      PackageMap.uriForPackage (package:flutter_tools/src/dart/package_map.dart:56:43)
#4      DartDependencySetBuilder.build (package:flutter_tools/src/dart/dependencies.dart:78:49)
#5      HotRunner._refreshDartDependencies (package:flutter_tools/src/run_hot.dart:111:73)
<asynchronous suspension>
#6      HotRunner.run (package:flutter_tools/src/run_hot.dart:253:16)
<asynchronous suspension>
#7      RunCommand.runCommand (package:flutter_tools/src/commands/run.dart:391:37)
<asynchronous suspension>
#8      FlutterCommand.verifyThenRunCommand (package:flutter_tools/src/runner/flutter_command.dart:372:18)
#9      _asyncThenWrapperHelper.<anonymous closure> (dart:async/runtime/libasync_patch.dart:77:64)
#10     _rootRunUnary (dart:async/zone.dart:1132:38)
#11     _CustomZone.runUnary (dart:async/zone.dart:1029:19)
#12     _FutureListener.handleValue (dart:async/future_impl.dart:129:18)
#13     Future._propagateToListeners.handleValueCallback (dart:async/future_impl.dart:642:45)
#14     Future._propagateToListeners (dart:async/future_impl.dart:671:32)
#15     Future._complete (dart:async/future_impl.dart:476:7)
#16     _SyncCompleter.complete (dart:async/future_impl.dart:51:12)
#17     _AsyncAwaitCompleter.complete (dart:async/runtime/libasync_patch.dart:28:18)
#18     _completeOnAsyncReturn (dart:async/runtime/libasync_patch.dart:295:13)
#19     RunCommand.usageValues (package:flutter_tools/src/commands/run.dart)
#20     _asyncThenWrapperHelper.<anonymous closure> (dart:async/runtime/libasync_patch.dart:77:64)
#21     _rootRunUnary (dart:async/zone.dart:1132:38)
#22     _CustomZone.runUnary (dart:async/zone.dart:1029:19)
#23     _FutureListener.handleValue (dart:async/future_impl.dart:129:18)
#24     Future._propagateToListeners.handleValueCallback (dart:async/future_impl.dart:642:45)
#25     Future._propagateToListeners (dart:async/future_impl.dart:671:32)
#26     Future._complete (dart:async/future_impl.dart:476:7)
#27     _SyncCompleter.complete (dart:async/future_impl.dart:51:12)
#28     _AsyncAwaitCompleter.complete.<anonymous closure> (dart:async/runtime/libasync_patch.dart:33:20)
#29     _rootRun (dart:async/zone.dart:1124:13)
#30     _CustomZone.run (dart:async/zone.dart:1021:19)
#31     _CustomZone.bindCallback.<anonymous closure> (dart:async/zone.dart:947:23)
#32     _microtaskLoop (dart:async/schedule_microtask.dart:41:21)
#33     _startMicrotaskLoop (dart:async/schedule_microtask.dart:50:5)
#34     _runPendingImmediateCallback (dart:isolate/runtime/libisolate_patch.dart:115:13)
#35     _RawReceivePortImpl._handleMessage (dart:isolate/runtime/libisolate_patch.dart:172:5)
```

## flutter doctor

```
[✓] Flutter (Channel beta, v0.8.2, on Microsoft Windows [Version 10.0.17134.285], locale en-US)
    • Flutter version 0.8.2 at C:\Users\Nattaaek\Downloads\flutter_windows_v0.7.3-beta\flutter
    • Framework revision 5ab9e70727 (13 days ago), 2018-09-07 12:33:05 -0700
    • Engine revision 58a1894a1c
    • Dart version 2.1.0-dev.3.1.flutter-760a9690c2

[✓] Android toolchain - develop for Android devices (Android SDK 28.0.1)
    • Android SDK at D:\sandroid
    • Android NDK location not configured (optional; useful for native profiling support)
    • Platform android-28, build-tools 28.0.1
    • ANDROID_HOME = D:\sandroid
    • Java binary at: D:\Android\jre\bin\java
    • Java version OpenJDK Runtime Environment (build 1.8.0_152-release-1024-b02)
    • All Android licenses accepted.

[✓] Android Studio (version 3.1)
    • Android Studio at D:\Android
    • Flutter plugin version 27.1.1
    • Dart plugin version 173.4700
    • Java version OpenJDK Runtime Environment (build 1.8.0_152-release-1024-b02)

[✓] IntelliJ IDEA Community Edition (version 2018.1)
    • IntelliJ at D:\IntelliJ IDEA Community Edition 2018.1.2
    • Flutter plugin version 25.0.2
    • Dart plugin version 181.4668.60

[✓] VS Code (version 1.27.2)
    • VS Code at C:\Users\Nattaaek\AppData\Local\Programs\Microsoft VS Code
    • Flutter extension version 2.18.0

[✓] VS Code, 64-bit edition (version 1.26.1)
    • VS Code at C:\Program Files\Microsoft VS Code
    • Flutter extension version 2.18.0

[✓] Connected devices (1 available)
    • Android SDK built for x86 • emulator-5554 • android-x86 • Android 8.1.0 (API 27) (emulator)

• No issues found!
```
